1474269500|/index.php?id=log| 
1474269502|/index.php| 
1474269676|/index.php| 
1474269677|/index.php| 
1474269696|/index.php| 
1474269696|/index.php| 
1474269697|/index.php| 
1474269697|/index.php?id=contact| 
1474269698|/index.php| 
1474269698|/index.php?id=contact| 
1474269704|/index.php| 
1474269706|/index.php| 
1474269731|/index.php| 
1474269860|/index.php?id=contact| 
1474269861|/index.php| 
1474269862|/index.php?id=contact| 
1474269868|/index.php| 
1474269911|/index.php?id=contact| 
1474269912|/index.php?id=contact| 
1474269933|/index.php| 
1474269934|/index.php?id=contact| 
1474269935|/index.php| 
1474269943|/index.php| 
1474269948|/index.php?id=contact| 
1474269950|/index.php| 
1474269951|/index.php?id=contact| 
1474270029|/index.php?id=gbook| 
1474270035|/index.php?id=gbook| 
1474270035|/index.php?id=gbook| 
1474270051|/index.php?id=gbook| 
1474270051|/index.php?id=gbook| 
1474270054|/index.php?id=gbook| 
1474270054|/index.php?id=gbook| 
1474270056|/index.php?id=gbook| 
1474270056|/index.php?id=gbook| 
1474270061|/index.php?id=gbook| 
1474270061|/index.php?id=gbook| 
1474270227|/index.php?id=gbook&del=13| 
1474270227|/index.php?id=gbook| 
1474270229|/index.php?id=gbook&del=12| 
1474270229|/index.php?id=gbook| 
1474270230|/index.php?id=gbook&del=11| 
1474270230|/index.php?id=gbook| 
1474270234|/index.php?id=gbook&del=10| 
1474270234|/index.php?id=gbook| 
1474270235|/index.php?id=gbook&del=9| 
1474270235|/index.php?id=gbook| 
1474270237|/index.php?id=gbook&del=8| 
1474270237|/index.php?id=gbook| 
1474270246|/index.php?id=gbook| 
1474270247|/index.php?id=gbook| 
1474270249|/index.php?id=gbook| 
1474270250|/index.php?id=gbook| 
1474270290|/index.php?id=gbook| 
1474270290|/index.php?id=gbook| 
1474270484|/index.php?id=gbook&del=14| 
1474270484|/index.php?id=gbook| 
1474270491|/index.php?id=gbook| 
1474270491|/index.php?id=gbook| 
1474270534|/index.php?id=gbook| 
1474270534|/index.php?id=gbook| 
1474270540|/index.php?id=gbook&del=15| 
1474270540|/index.php?id=gbook&del=15| 
1474270540|/index.php?id=gbook&del=15| 
1474270540|/index.php?id=gbook&del=15| 
1474270540|/index.php?id=gbook&del=15| 
1474270540|/index.php?id=gbook&del=15| 
1474270540|/index.php?id=gbook&del=15| 
1474270540|/index.php?id=gbook&del=15| 
1474270540|/index.php?id=gbook&del=15| 
1474270540|/index.php?id=gbook&del=15| 
1474270540|/index.php?id=gbook&del=15| 
1474270540|/index.php?id=gbook&del=15| 
1474270541|/index.php?id=gbook&del=15| 
1474270541|/index.php?id=gbook&del=15| 
1474270541|/index.php?id=gbook&del=15| 
1474270541|/index.php?id=gbook&del=15| 
1474270541|/index.php?id=gbook&del=15| 
1474270541|/index.php?id=gbook&del=15| 
1474270541|/index.php?id=gbook&del=15| 
1474270541|/index.php?id=gbook&del=15| 
1474270541|/index.php?id=gbook&del=15| 
1474270541|/index.php?id=gbook&del=15| 
1474270541|/index.php?id=gbook&del=15| 
1474270541|/index.php?id=gbook&del=15| 
1474270541|/index.php?id=gbook&del=15| 
1474270541|/index.php?id=gbook&del=15| 
1474270541|/index.php?id=gbook&del=15| 
1474270541|/index.php?id=gbook&del=15| 
1474270541|/index.php?id=gbook&del=15| 
1474270541|/index.php?id=gbook&del=15| 
1474270541|/index.php?id=gbook&del=15| 
1474270541|/index.php?id=gbook&del=15| 
1474270541|/index.php?id=gbook&del=15| 
1474270541|/index.php?id=gbook&del=15| 
1474270541|/index.php?id=gbook&del=15| 
1474270541|/index.php?id=gbook&del=15| 
1474270541|/index.php?id=gbook&del=15| 
1474270541|/index.php?id=gbook&del=15| 
1474270541|/index.php?id=gbook&del=15| 
1474270541|/index.php?id=gbook&del=15| 
1474270541|/index.php?id=gbook&del=15| 
1474270541|/index.php?id=gbook&del=15| 
1474270546|/index.php?id=gbook&del=15| 
1474270546|/index.php?id=gbook&del=15| 
1474270546|/index.php?id=gbook&del=15| 
1474270546|/index.php?id=gbook&del=15| 
1474270546|/index.php?id=gbook&del=15| 
1474270546|/index.php?id=gbook&del=15| 
1474270546|/index.php?id=gbook&del=15| 
1474270546|/index.php?id=gbook&del=15| 
1474270546|/index.php?id=gbook&del=15| 
1474270546|/index.php?id=gbook&del=15| 
1474270547|/index.php?id=gbook&del=15| 
1474270547|/index.php?id=gbook&del=15| 
1474270547|/index.php?id=gbook&del=15| 
1474270547|/index.php?id=gbook&del=15| 
1474270547|/index.php?id=gbook&del=15| 
1474270547|/index.php?id=gbook&del=15| 
1474270547|/index.php?id=gbook&del=15| 
1474270547|/index.php?id=gbook&del=15| 
1474270547|/index.php?id=gbook&del=15| 
1474270547|/index.php?id=gbook&del=15| 
1474270547|/index.php?id=gbook&del=15| 
1474270554|/index.php?id=gbook&del=15| 
1474270554|/index.php?id=gbook&del=15| 
1474270554|/index.php?id=gbook&del=15| 
1474270554|/index.php?id=gbook&del=15| 
1474270554|/index.php?id=gbook&del=15| 
1474270554|/index.php?id=gbook&del=15| 
1474270554|/index.php?id=gbook&del=15| 
1474270554|/index.php?id=gbook&del=15| 
1474270554|/index.php?id=gbook&del=15| 
1474270555|/index.php?id=gbook&del=15| 
1474270555|/index.php?id=gbook&del=15| 
1474270555|/index.php?id=gbook&del=15| 
1474270555|/index.php?id=gbook&del=15| 
1474270555|/index.php?id=gbook&del=15| 
1474270555|/index.php?id=gbook&del=15| 
1474270555|/index.php?id=gbook&del=15| 
1474270555|/index.php?id=gbook&del=15| 
1474270555|/index.php?id=gbook&del=15| 
1474270555|/index.php?id=gbook&del=15| 
1474270555|/index.php?id=gbook&del=15| 
1474270555|/index.php?id=gbook&del=15| 
1474270556|/index.php?id=gbook&del=15| 
1474270556|/index.php?id=gbook&del=15| 
1474270556|/index.php?id=gbook&del=15| 
1474270556|/index.php?id=gbook&del=15| 
1474270556|/index.php?id=gbook&del=15| 
1474270556|/index.php?id=gbook&del=15| 
1474270556|/index.php?id=gbook&del=15| 
1474270556|/index.php?id=gbook&del=15| 
1474270556|/index.php?id=gbook&del=15| 
1474270556|/index.php?id=gbook&del=15| 
1474270556|/index.php?id=gbook&del=15| 
1474270556|/index.php?id=gbook&del=15| 
1474270556|/index.php?id=gbook&del=15| 
1474270556|/index.php?id=gbook&del=15| 
1474270556|/index.php?id=gbook&del=15| 
1474270556|/index.php?id=gbook&del=15| 
1474270556|/index.php?id=gbook&del=15| 
1474270556|/index.php?id=gbook&del=15| 
1474270556|/index.php?id=gbook&del=15| 
1474270556|/index.php?id=gbook&del=15| 
1474270556|/index.php?id=gbook&del=15| 
1474270562|/index.php?id=gbook| 
1474270564|/index.php?id=gbook| 
1474270588|/index.php?id=gbook| 
1474270588|/index.php?id=gbook| 
1474270589|/index.php?id=gbook&del=16| 
1474270589|/index.php?id=gbook&del=16?id=gbook| 
1474270589|/index.php?id=gbook&del=16?id=gbook?id=gbook| 
1474270589|/index.php?id=gbook&del=16?id=gbook?id=gbook?id=gbook| 
1474270589|/index.php?id=gbook&del=16?id=gbook?id=gbook?id=gbook?id=gbook| 
1474270589|/index.php?id=gbook&del=16?id=gbook?id=gbook?id=gbook?id=gbook?id=gbook| 
1474270589|/index.php?id=gbook&del=16?id=gbook?id=gbook?id=gbook?id=gbook?id=gbook?id=gbook| 
1474270589|/index.php?id=gbook&del=16?id=gbook?id=gbook?id=gbook?id=gbook?id=gbook?id=gbook?id=gbook| 
1474270589|/index.php?id=gbook&del=16?id=gbook?id=gbook?id=gbook?id=gbook?id=gbook?id=gbook?id=gbook?id=gbook| 
1474270589|/index.php?id=gbook&del=16?id=gbook?id=gbook?id=gbook?id=gbook?id=gbook?id=gbook?id=gbook?id=gbook?id=gbook| 
1474270589|/index.php?id=gbook&del=16?id=gbook?id=gbook?id=gbook?id=gbook?id=gbook?id=gbook?id=gbook?id=gbook?id=gbook?id=gbook| 
1474270589|/index.php?id=gbook&del=16?id=gbook?id=gbook?id=gbook?id=gbook?id=gbook?id=gbook?id=gbook?id=gbook?id=gbook?id=gbook?id=gbook| 
1474270589|/index.php?id=gbook&del=16?id=gbook?id=gbook?id=gbook?id=gbook?id=gbook?id=gbook?id=gbook?id=gbook?id=gbook?id=gbook?id=gbook?id=gbook| 
1474270589|/index.php?id=gbook&del=16?id=gbook?id=gbook?id=gbook?id=gbook?id=gbook?id=gbook?id=gbook?id=gbook?id=gbook?id=gbook?id=gbook?id=gbook?id=gbook| 
1474270589|/index.php?id=gbook&del=16?id=gbook?id=gbook?id=gbook?id=gbook?id=gbook?id=gbook?id=gbook?id=gbook?id=gbook?id=gbook?id=gbook?id=gbook?id=gbook?id=gbook| 
1474270589|/index.php?id=gbook&del=16?id=gbook?id=gbook?id=gbook?id=gbook?id=gbook?id=gbook?id=gbook?id=gbook?id=gbook?id=gbook?id=gbook?id=gbook?id=gbook?id=gbook?id=gbook| 
1474270589|/index.php?id=gbook&del=16?id=gbook?id=gbook?id=gbook?id=gbook?id=gbook?id=gbook?id=gbook?id=gbook?id=gbook?id=gbook?id=gbook?id=gbook?id=gbook?id=gbook?id=gbook?id=gbook| 
1474270589|/index.php?id=gbook&del=16?id=gbook?id=gbook?id=gbook?id=gbook?id=gbook?id=gbook?id=gbook?id=gbook?id=gbook?id=gbook?id=gbook?id=gbook?id=gbook?id=gbook?id=gbook?id=gbook?id=gbook| 
1474270590|/index.php?id=gbook&del=16?id=gbook?id=gbook?id=gbook?id=gbook?id=gbook?id=gbook?id=gbook?id=gbook?id=gbook?id=gbook?id=gbook?id=gbook?id=gbook?id=gbook?id=gbook?id=gbook?id=gbook?id=gbook| 
1474270590|/index.php?id=gbook&del=16?id=gbook?id=gbook?id=gbook?id=gbook?id=gbook?id=gbook?id=gbook?id=gbook?id=gbook?id=gbook?id=gbook?id=gbook?id=gbook?id=gbook?id=gbook?id=gbook?id=gbook?id=gbook?id=gbook| 
1474270590|/index.php?id=gbook&del=16?id=gbook?id=gbook?id=gbook?id=gbook?id=gbook?id=gbook?id=gbook?id=gbook?id=gbook?id=gbook?id=gbook?id=gbook?id=gbook?id=gbook?id=gbook?id=gbook?id=gbook?id=gbook?id=gbook?id=gbook| 
1474270590|/index.php?id=gbook&del=16?id=gbook?id=gbook?id=gbook?id=gbook?id=gbook?id=gbook?id=gbook?id=gbook?id=gbook?id=gbook?id=gbook?id=gbook?id=gbook?id=gbook?id=gbook?id=gbook?id=gbook?id=gbook?id=gbook?id=gbook?id=gbook| 
1474270590|/index.php?id=gbook&del=16?id=gbook?id=gbook?id=gbook?id=gbook?id=gbook?id=gbook?id=gbook?id=gbook?id=gbook?id=gbook?id=gbook?id=gbook?id=gbook?id=gbook?id=gbook?id=gbook?id=gbook?id=gbook?id=gbook?id=gbook?id=gbook?id=gbook| 
1474270590|/index.php?id=gbook&del=16?id=gbook?id=gbook?id=gbook?id=gbook?id=gbook?id=gbook?id=gbook?id=gbook?id=gbook?id=gbook?id=gbook?id=gbook?id=gbook?id=gbook?id=gbook?id=gbook?id=gbook?id=gbook?id=gbook?id=gbook?id=gbook?id=gbook?id=gbook| 
1474270590|/index.php?id=gbook&del=16?id=gbook?id=gbook?id=gbook?id=gbook?id=gbook?id=gbook?id=gbook?id=gbook?id=gbook?id=gbook?id=gbook?id=gbook?id=gbook?id=gbook?id=gbook?id=gbook?id=gbook?id=gbook?id=gbook?id=gbook?id=gbook?id=gbook?id=gbook?id=gbook| 
1474270590|/index.php?id=gbook&del=16?id=gbook?id=gbook?id=gbook?id=gbook?id=gbook?id=gbook?id=gbook?id=gbook?id=gbook?id=gbook?id=gbook?id=gbook?id=gbook?id=gbook?id=gbook?id=gbook?id=gbook?id=gbook?id=gbook?id=gbook?id=gbook?id=gbook?id=gbook?id=gbook?id=gbook| 
1474270590|/index.php?id=gbook&del=16?id=gbook?id=gbook?id=gbook?id=gbook?id=gbook?id=gbook?id=gbook?id=gbook?id=gbook?id=gbook?id=gbook?id=gbook?id=gbook?id=gbook?id=gbook?id=gbook?id=gbook?id=gbook?id=gbook?id=gbook?id=gbook?id=gbook?id=gbook?id=gbook?id=gbook?id=gbook| 
1474270590|/index.php?id=gbook&del=16?id=gbook?id=gbook?id=gbook?id=gbook?id=gbook?id=gbook?id=gbook?id=gbook?id=gbook?id=gbook?id=gbook?id=gbook?id=gbook?id=gbook?id=gbook?id=gbook?id=gbook?id=gbook?id=gbook?id=gbook?id=gbook?id=gbook?id=gbook?id=gbook?id=gbook?id=gbook?id=gbook| 
1474270590|/index.php?id=gbook&del=16?id=gbook?id=gbook?id=gbook?id=gbook?id=gbook?id=gbook?id=gbook?id=gbook?id=gbook?id=gbook?id=gbook?id=gbook?id=gbook?id=gbook?id=gbook?id=gbook?id=gbook?id=gbook?id=gbook?id=gbook?id=gbook?id=gbook?id=gbook?id=gbook?id=gbook?id=gbook?id=gbook?id=gbook| 
1474270590|/index.php?id=gbook&del=16?id=gbook?id=gbook?id=gbook?id=gbook?id=gbook?id=gbook?id=gbook?id=gbook?id=gbook?id=gbook?id=gbook?id=gbook?id=gbook?id=gbook?id=gbook?id=gbook?id=gbook?id=gbook?id=gbook?id=gbook?id=gbook?id=gbook?id=gbook?id=gbook?id=gbook?id=gbook?id=gbook?id=gbook?id=gbook| 
1474270590|/index.php?id=gbook&del=16?id=gbook?id=gbook?id=gbook?id=gbook?id=gbook?id=gbook?id=gbook?id=gbook?id=gbook?id=gbook?id=gbook?id=gbook?id=gbook?id=gbook?id=gbook?id=gbook?id=gbook?id=gbook?id=gbook?id=gbook?id=gbook?id=gbook?id=gbook?id=gbook?id=gbook?id=gbook?id=gbook?id=gbook?id=gbook?id=gbook| 
1474270590|/index.php?id=gbook&del=16?id=gbook?id=gbook?id=gbook?id=gbook?id=gbook?id=gbook?id=gbook?id=gbook?id=gbook?id=gbook?id=gbook?id=gbook?id=gbook?id=gbook?id=gbook?id=gbook?id=gbook?id=gbook?id=gbook?id=gbook?id=gbook?id=gbook?id=gbook?id=gbook?id=gbook?id=gbook?id=gbook?id=gbook?id=gbook?id=gbook?id=gbook| 
1474270590|/index.php?id=gbook&del=16?id=gbook?id=gbook?id=gbook?id=gbook?id=gbook?id=gbook?id=gbook?id=gbook?id=gbook?id=gbook?id=gbook?id=gbook?id=gbook?id=gbook?id=gbook?id=gbook?id=gbook?id=gbook?id=gbook?id=gbook?id=gbook?id=gbook?id=gbook?id=gbook?id=gbook?id=gbook?id=gbook?id=gbook?id=gbook?id=gbook?id=gbook?id=gbook| 
1474270590|/index.php?id=gbook&del=16?id=gbook?id=gbook?id=gbook?id=gbook?id=gbook?id=gbook?id=gbook?id=gbook?id=gbook?id=gbook?id=gbook?id=gbook?id=gbook?id=gbook?id=gbook?id=gbook?id=gbook?id=gbook?id=gbook?id=gbook?id=gbook?id=gbook?id=gbook?id=gbook?id=gbook?id=gbook?id=gbook?id=gbook?id=gbook?id=gbook?id=gbook?id=gbook?id=gbook| 
1474270590|/index.php?id=gbook&del=16?id=gbook?id=gbook?id=gbook?id=gbook?id=gbook?id=gbook?id=gbook?id=gbook?id=gbook?id=gbook?id=gbook?id=gbook?id=gbook?id=gbook?id=gbook?id=gbook?id=gbook?id=gbook?id=gbook?id=gbook?id=gbook?id=gbook?id=gbook?id=gbook?id=gbook?id=gbook?id=gbook?id=gbook?id=gbook?id=gbook?id=gbook?id=gbook?id=gbook?id=gbook| 
1474270590|/index.php?id=gbook&del=16?id=gbook?id=gbook?id=gbook?id=gbook?id=gbook?id=gbook?id=gbook?id=gbook?id=gbook?id=gbook?id=gbook?id=gbook?id=gbook?id=gbook?id=gbook?id=gbook?id=gbook?id=gbook?id=gbook?id=gbook?id=gbook?id=gbook?id=gbook?id=gbook?id=gbook?id=gbook?id=gbook?id=gbook?id=gbook?id=gbook?id=gbook?id=gbook?id=gbook?id=gbook?id=gbook| 
1474270590|/index.php?id=gbook&del=16?id=gbook?id=gbook?id=gbook?id=gbook?id=gbook?id=gbook?id=gbook?id=gbook?id=gbook?id=gbook?id=gbook?id=gbook?id=gbook?id=gbook?id=gbook?id=gbook?id=gbook?id=gbook?id=gbook?id=gbook?id=gbook?id=gbook?id=gbook?id=gbook?id=gbook?id=gbook?id=gbook?id=gbook?id=gbook?id=gbook?id=gbook?id=gbook?id=gbook?id=gbook?id=gbook?id=gbook| 
1474270590|/index.php?id=gbook&del=16?id=gbook?id=gbook?id=gbook?id=gbook?id=gbook?id=gbook?id=gbook?id=gbook?id=gbook?id=gbook?id=gbook?id=gbook?id=gbook?id=gbook?id=gbook?id=gbook?id=gbook?id=gbook?id=gbook?id=gbook?id=gbook?id=gbook?id=gbook?id=gbook?id=gbook?id=gbook?id=gbook?id=gbook?id=gbook?id=gbook?id=gbook?id=gbook?id=gbook?id=gbook?id=gbook?id=gbook?id=gbook| 
1474270590|/index.php?id=gbook&del=16?id=gbook?id=gbook?id=gbook?id=gbook?id=gbook?id=gbook?id=gbook?id=gbook?id=gbook?id=gbook?id=gbook?id=gbook?id=gbook?id=gbook?id=gbook?id=gbook?id=gbook?id=gbook?id=gbook?id=gbook?id=gbook?id=gbook?id=gbook?id=gbook?id=gbook?id=gbook?id=gbook?id=gbook?id=gbook?id=gbook?id=gbook?id=gbook?id=gbook?id=gbook?id=gbook?id=gbook?id=gbook?id=gbook| 
1474270590|/index.php?id=gbook&del=16?id=gbook?id=gbook?id=gbook?id=gbook?id=gbook?id=gbook?id=gbook?id=gbook?id=gbook?id=gbook?id=gbook?id=gbook?id=gbook?id=gbook?id=gbook?id=gbook?id=gbook?id=gbook?id=gbook?id=gbook?id=gbook?id=gbook?id=gbook?id=gbook?id=gbook?id=gbook?id=gbook?id=gbook?id=gbook?id=gbook?id=gbook?id=gbook?id=gbook?id=gbook?id=gbook?id=gbook?id=gbook?id=gbook?id=gbook| 
1474270590|/index.php?id=gbook&del=16?id=gbook?id=gbook?id=gbook?id=gbook?id=gbook?id=gbook?id=gbook?id=gbook?id=gbook?id=gbook?id=gbook?id=gbook?id=gbook?id=gbook?id=gbook?id=gbook?id=gbook?id=gbook?id=gbook?id=gbook?id=gbook?id=gbook?id=gbook?id=gbook?id=gbook?id=gbook?id=gbook?id=gbook?id=gbook?id=gbook?id=gbook?id=gbook?id=gbook?id=gbook?id=gbook?id=gbook?id=gbook?id=gbook?id=gbook?id=gbook| 
1474270590|/index.php?id=gbook&del=16?id=gbook?id=gbook?id=gbook?id=gbook?id=gbook?id=gbook?id=gbook?id=gbook?id=gbook?id=gbook?id=gbook?id=gbook?id=gbook?id=gbook?id=gbook?id=gbook?id=gbook?id=gbook?id=gbook?id=gbook?id=gbook?id=gbook?id=gbook?id=gbook?id=gbook?id=gbook?id=gbook?id=gbook?id=gbook?id=gbook?id=gbook?id=gbook?id=gbook?id=gbook?id=gbook?id=gbook?id=gbook?id=gbook?id=gbook?id=gbook?id=gbook| 
1474270602|/index.php?id=gbook&del=16?id=gbook?id=gbook?id=gbook?id=gbook?id=gbook?id=gbook?id=gbook?id=gbook?id=gbook?id=gbook?id=gbook?id=gbook?id=gbook?id=gbook?id=gbook?id=gbook?id=gbook?id=gbook?id=gbook?id=gbook?id=gbook?id=gbook?id=gbook?id=gbook?id=gbook?id=gbook?id=gbook?id=gbook?id=gbook?id=gbook?id=gbook?id=gbook?id=gbook?id=gbook?id=gbook?id=gbook?id=gbook?id=gbook?id=gbook?id=gbook?id=gbook?id=gbook| 
1474270627|/index.php?id=gbook&del=16| 
1474270627|/index.php?id=gbook| 
1474270640|/index.php?id=gbook| 
1474270640|/index.php?id=gbook| 
1474270642|/index.php?id=gbook&del=17| 
1474270643|/index.php| 
1474270663|/index.php?id=gbook| 
1474270666|/index.php?id=gbook| 
1474270666|/index.php?id=gbook| 
1474270668|/index.php?id=gbook&del=18| 
1474270668|/index.php?id=gbook| 
1474270704|/index.php?id=gbook| 
1474270704|/index.php?id=gbook| 
1474270705|/index.php?id=gbook&del=19| 
1474270705|/index.php?id=gbook| 
1474270711|/index.php?id=gbook| 
1474270711|/index.php?id=gbook| 
1474270712|/index.php?id=gbook&del=20| 
1474270713|/index.php?id=gbook| 
1474270785|/index.php?id=gbook| 
1474270785|/index.php?id=gbook| 
1474270786|/index.php?id=gbook&del=21| 
1474270787|/index.php?id=gbook| 
1474270892|/index.php?id=gbook| 
1474270892|/index.php?id=gbook| 
1474270894|/index.php?id=gbook| 
1474270894|/index.php?id=gbook| 
1474270898|/index.php?id=gbook| 
1474270898|/index.php?id=gbook| 
1474270900|/index.php?id=gbook| 
1474270900|/index.php?id=gbook| 
1474270903|/index.php?id=gbook| 
1474270903|/index.php?id=gbook| 
1474270906|/index.php?id=gbook| 
1474270906|/index.php?id=gbook| 
1474270909|/index.php?id=gbook| 
1474270909|/index.php?id=gbook| 
1474270916|/index.php?id=gbook| 
1474270916|/index.php?id=gbook| 
1474361947|/| 
1474363032|/| 
1474366818|/| 
1474366822|/index.php?id=gbook| 
